TN:
SF:server/config.js
FNF:0
FNH:0
DA:4,3
DA:5,3
DA:6,3
DA:7,3
LF:4
LH:4
BRDA:10,0,0,3
BRDA:10,0,1,3
BRF:2
BRH:2
end_of_record
TN:
SF:server/controller.js
FN:4,(anonymous_0)
FN:8,(anonymous_1)
FNF:2
FNH:2
FNDA:2,(anonymous_0)
FNDA:1,(anonymous_1)
DA:5,2
DA:9,1
LF:2
LH:2
BRF:0
BRH:0
end_of_record
TN:
SF:server/routes.js
FN:12,routes
FN:53,handlerError
FN:66,handler
FN:68,(anonymous_3)
FNF:4
FNH:4
FNDA:8,routes
FNDA:2,handlerError
FNDA:8,handler
FNDA:2,(anonymous_3)
DA:8,1
DA:10,1
DA:13,8
DA:15,8
DA:16,1
DA:20,1
DA:23,7
DA:24,1
DA:26,1
DA:29,6
DA:30,1
DA:32,1
DA:35,5
DA:36,4
DA:38,2
DA:40,2
DA:41,1
DA:46,2
DA:49,1
DA:50,1
DA:54,2
DA:55,1
DA:56,1
DA:57,1
DA:60,1
DA:61,1
DA:63,1
DA:67,8
DA:68,2
LF:29
LH:29
BRDA:15,0,0,1
BRDA:15,0,1,7
BRDA:15,1,0,8
BRDA:15,1,1,7
BRDA:23,2,0,1
BRDA:23,2,1,6
BRDA:23,3,0,7
BRDA:23,3,1,6
BRDA:29,4,0,1
BRDA:29,4,1,5
BRDA:29,5,0,6
BRDA:29,5,1,5
BRDA:35,6,0,4
BRDA:35,6,1,1
BRDA:40,7,0,1
BRDA:40,7,1,1
BRDA:54,8,0,1
BRDA:54,8,1,1
BRF:18
BRH:18
end_of_record
TN:
SF:server/service.js
FN:9,(anonymous_0)
FN:13,(anonymous_1)
FN:26,(anonymous_2)
FNF:3
FNH:3
FNDA:1,(anonymous_0)
FNDA:1,(anonymous_1)
FNDA:1,(anonymous_2)
DA:6,3
DA:10,1
DA:14,1
DA:16,1
DA:18,1
DA:20,1
DA:27,1
DA:29,1
LF:8
LH:8
BRF:0
BRH:0
end_of_record
TN:
SF:server/util.js
FNF:0
FNH:0
DA:3,1
LF:1
LH:1
BRF:0
BRH:0
end_of_record
